<?xml version="1.0" encoding="UTF-8"?>
<coverage generated="1784845151186" clover="3.2.0">
  <project timestamp="1784845151186" name="All files">
    <metrics statements="121" coveredstatements="113" conditionals="58" coveredconditionals="54" methods="16" coveredmethods="16" elements="195" coveredelements="183" complexity="0" loc="121" ncloc="121" packages="1" files="7" classes="7"/>
    <file name="dates.ts" path="/home/mrazort1/Documents/discipline/lib/dates.ts">
      <metrics statements="16" coveredstatements="16" conditionals="0" coveredconditionals="0" methods="5" coveredmethods="5"/>
      <line num="1" count="1" type="stmt"/>
      <line num="2" count="9" type="stmt"/>
      <line num="3" count="9" type="stmt"/>
      <line num="4" count="9" type="stmt"/>
      <line num="7" count="1" type="stmt"/>
      <line num="8" count="11" type="stmt"/>
      <line num="9" count="11" type="stmt"/>
      <line num="10" count="11" type="stmt"/>
      <line num="13" count="1" type="stmt"/>
      <line num="14" count="4" type="stmt"/>
      <line num="15" count="4" type="stmt"/>
      <line num="16" count="4" type="stmt"/>
      <line num="19" count="1" type="stmt"/>
      <line num="20" count="2" type="stmt"/>
      <line num="26" count="1" type="stmt"/>
      <line num="27" count="3" type="stmt"/>
    </file>
    <file name="env.ts" path="/home/mrazort1/Documents/discipline/lib/env.ts">
      <metrics statements="4" coveredstatements="4" conditionals="7" coveredconditionals="7" methods="1" coveredmethods="1"/>
      <line num="1" count="7" type="stmt"/>
      <line num="6" count="7" type="stmt"/>
      <line num="7" count="4" type="cond" truecount="3" falsecount="0"/>
      <line num="8" count="3" type="stmt"/>
    </file>
    <file name="ingredientPicker.ts" path="/home/mrazort1/Documents/discipline/lib/ingredientPicker.ts">
      <metrics statements="7" coveredstatements="7" conditionals="0" coveredconditionals="0" methods="3" coveredmethods="3"/>
      <line num="3" count="1" type="stmt"/>
      <line num="5" count="1" type="stmt"/>
      <line num="6" count="7" type="stmt"/>
      <line num="9" count="1" type="stmt"/>
      <line num="10" count="3" type="stmt"/>
      <line num="11" count="3" type="stmt"/>
      <line num="14" count="5" type="stmt"/>
    </file>
    <file name="meals.ts" path="/home/mrazort1/Documents/discipline/lib/meals.ts">
      <metrics statements="45" coveredstatements="43" conditionals="26" coveredconditionals="23" methods="3" coveredmethods="3"/>
      <line num="1" count="1" type="stmt"/>
      <line num="3" count="1" type="stmt"/>
      <line num="9" count="8" type="cond" truecount="3" falsecount="1"/>
      <line num="10" count="8" type="stmt"/>
      <line num="19" count="8" type="cond" truecount="1" falsecount="0"/>
      <line num="20" count="3" type="stmt"/>
      <line num="21" count="3" type="cond" truecount="2" falsecount="0"/>
      <line num="22" count="3" type="cond" truecount="1" falsecount="0"/>
      <line num="23" count="2" type="stmt"/>
      <line num="24" count="2" type="stmt"/>
      <line num="25" count="1" type="cond" truecount="1" falsecount="0"/>
      <line num="27" count="1" type="stmt"/>
      <line num="31" count="3" type="stmt"/>
      <line num="34" count="5" type="stmt"/>
      <line num="37" count="1" type="stmt"/>
      <line num="38" count="5" type="stmt"/>
      <line num="44" count="5" type="cond" truecount="1" falsecount="0"/>
      <line num="45" count="1" type="stmt"/>
      <line num="46" count="1" type="cond" truecount="1" falsecount="1"/>
      <line num="47" count="1" type="cond" truecount="1" falsecount="0"/>
      <line num="48" count="1" type="stmt"/>
      <line num="49" count="1" type="stmt"/>
      <line num="50" count="1" type="cond" truecount="1" falsecount="0"/>
      <line num="52" count="0" type="stmt"/>
      <line num="56" count="1" type="stmt"/>
      <line num="59" count="4" type="cond" truecount="2" falsecount="0"/>
      <line num="60" count="4" type="cond" truecount="1" falsecount="0"/>
      <line num="61" count="2" type="stmt"/>
      <line num="64" count="2" type="stmt"/>
      <line num="67" count="1" type="stmt"/>
      <line num="70" count="7" type="stmt"/>
      <line num="71" count="7" type="cond" truecount="1" falsecount="0"/>
      <line num="73" count="5" type="stmt"/>
      <line num="79" count="5" type="cond" truecount="1" falsecount="0"/>
      <line num="80" count="1" type="stmt"/>
      <line num="81" count="1" type="cond" truecount="1" falsecount="1"/>
      <line num="82" count="1" type="cond" truecount="1" falsecount="0"/>
      <line num="83" count="1" type="stmt"/>
      <line num="84" count="1" type="stmt"/>
      <line num="85" count="1" type="cond" truecount="1" falsecount="0"/>
      <line num="87" count="0" type="stmt"/>
      <line num="91" count="1" type="stmt"/>
      <line num="94" count="4" type="cond" truecount="3" falsecount="0"/>
      <line num="95" count="2" type="stmt"/>
      <line num="98" count="2" type="stmt"/>
    </file>
    <file name="onboarding.ts" path="/home/mrazort1/Documents/discipline/lib/onboarding.ts">
      <metrics statements="16" coveredstatements="15" conditionals="14" coveredconditionals="13" methods="2" coveredmethods="2"/>
      <line num="1" count="1" type="stmt"/>
      <line num="4" count="1" type="stmt"/>
      <line num="6" count="19" type="cond" truecount="2" falsecount="0"/>
      <line num="8" count="1" type="stmt"/>
      <line num="13" count="8" type="stmt"/>
      <line num="19" count="8" type="cond" truecount="1" falsecount="0"/>
      <line num="20" count="1" type="stmt"/>
      <line num="23" count="7" type="cond" truecount="0" falsecount="1"/>
      <line num="24" count="0" type="stmt"/>
      <line num="27" count="7" type="stmt"/>
      <line num="29" count="7" type="cond" truecount="2" falsecount="0"/>
      <line num="31" count="7" type="cond" truecount="3" falsecount="0"/>
      <line num="32" count="7" type="stmt"/>
      <line num="44" count="7" type="cond" truecount="3" falsecount="0"/>
      <line num="45" count="2" type="cond" truecount="2" falsecount="0"/>
      <line num="48" count="5" type="stmt"/>
    </file>
    <file name="supabase.ts" path="/home/mrazort1/Documents/discipline/lib/supabase.ts">
      <metrics statements="5" coveredstatements="0" conditionals="0" coveredconditionals="0" methods="0" coveredmethods="0"/>
      <line num="1" count="0" type="stmt"/>
      <line num="2" count="0" type="stmt"/>
      <line num="3" count="0" type="stmt"/>
      <line num="4" count="0" type="stmt"/>
      <line num="6" count="0" type="stmt"/>
    </file>
    <file name="upload.ts" path="/home/mrazort1/Documents/discipline/lib/upload.ts">
      <metrics statements="28" coveredstatements="28" conditionals="11" coveredconditionals="11" methods="2" coveredmethods="2"/>
      <line num="1" count="1" type="stmt"/>
      <line num="2" count="1" type="stmt"/>
      <line num="3" count="1" type="stmt"/>
      <line num="10" count="1" type="stmt"/>
      <line num="11" count="17" type="stmt"/>
      <line num="20" count="17" type="stmt"/>
      <line num="27" count="17" type="cond" truecount="1" falsecount="0"/>
      <line num="28" count="3" type="stmt"/>
      <line num="29" count="3" type="cond" truecount="2" falsecount="0"/>
      <line num="30" count="3" type="cond" truecount="1" falsecount="0"/>
      <line num="31" count="2" type="stmt"/>
      <line num="32" count="2" type="stmt"/>
      <line num="33" count="1" type="cond" truecount="1" falsecount="0"/>
      <line num="35" count="1" type="stmt"/>
      <line num="39" count="3" type="stmt"/>
      <line num="42" count="14" type="stmt"/>
      <line num="43" count="14" type="cond" truecount="3" falsecount="0"/>
      <line num="44" count="1" type="stmt"/>
      <line num="47" count="13" type="stmt"/>
      <line num="55" count="13" type="cond" truecount="3" falsecount="0"/>
      <line num="56" count="2" type="stmt"/>
      <line num="59" count="11" type="stmt"/>
      <line num="62" count="1" type="stmt"/>
      <line num="63" count="5" type="stmt"/>
      <line num="64" count="5" type="stmt"/>
      <line num="66" count="5" type="stmt"/>
      <line num="67" count="10" type="stmt"/>
      <line num="70" count="4" type="stmt"/>
    </file>
  </project>
</coverage>
