{"/home/mrazort1/Documents/discipline/lib/dates.ts": {"path":"/home/mrazort1/Documents/discipline/lib/dates.ts","statementMap":{"0":{"start":{"line":1,"column":26},"end":{"line":5,"column":1}},"1":{"start":{"line":2,"column":15},"end":{"line":2,"column":29}},"2":{"start":{"line":3,"column":2},"end":{"line":3,"column":28}},"3":{"start":{"line":4,"column":2},"end":{"line":4,"column":14}},"4":{"start":{"line":1,"column":13},"end":{"line":1,"column":26}},"5":{"start":{"line":7,"column":23},"end":{"line":11,"column":1}},"6":{"start":{"line":8,"column":15},"end":{"line":8,"column":29}},"7":{"start":{"line":9,"column":2},"end":{"line":9,"column":38}},"8":{"start":{"line":10,"column":2},"end":{"line":10,"column":14}},"9":{"start":{"line":7,"column":13},"end":{"line":7,"column":23}},"10":{"start":{"line":13,"column":25},"end":{"line":17,"column":1}},"11":{"start":{"line":14,"column":16},"end":{"line":14,"column":32}},"12":{"start":{"line":15,"column":14},"end":{"line":15,"column":31}},"13":{"start":{"line":16,"column":2},"end":{"line":16,"column":64}},"14":{"start":{"line":13,"column":13},"end":{"line":13,"column":25}},"15":{"start":{"line":19,"column":30},"end":{"line":24,"column":17}},"16":{"start":{"line":20,"column":2},"end":{"line":24,"column":17}},"17":{"start":{"line":19,"column":13},"end":{"line":19,"column":30}},"18":{"start":{"line":26,"column":26},"end":{"line":30,"column":26}},"19":{"start":{"line":27,"column":2},"end":{"line":30,"column":26}},"20":{"start":{"line":26,"column":13},"end":{"line":26,"column":26}}},"fnMap":{"0":{"name":"(anonymous_0)","decl":{"start":{"line":1,"column":26},"end":{"line":1,"column":27}},"loc":{"start":{"line":1,"column":41},"end":{"line":5,"column":1}}},"1":{"name":"(anonymous_1)","decl":{"start":{"line":7,"column":23},"end":{"line":7,"column":24}},"loc":{"start":{"line":7,"column":52},"end":{"line":11,"column":1}}},"2":{"name":"(anonymous_2)","decl":{"start":{"line":13,"column":25},"end":{"line":13,"column":26}},"loc":{"start":{"line":13,"column":40},"end":{"line":17,"column":1}}},"3":{"name":"(anonymous_3)","decl":{"start":{"line":19,"column":30},"end":{"line":19,"column":31}},"loc":{"start":{"line":20,"column":2},"end":{"line":24,"column":17}}},"4":{"name":"(anonymous_4)","decl":{"start":{"line":26,"column":26},"end":{"line":26,"column":27}},"loc":{"start":{"line":27,"column":2},"end":{"line":30,"column":26}}}},"branchMap":{},"s":{"0":1,"1":9,"2":9,"3":9,"4":1,"5":1,"6":11,"7":11,"8":11,"9":1,"10":1,"11":4,"12":4,"13":4,"14":1,"15":1,"16":2,"17":1,"18":1,"19":3,"20":1},"f":{"0":9,"1":11,"2":4,"3":2,"4":3},"b":{}}
,"/home/mrazort1/Documents/discipline/lib/env.ts": {"path":"/home/mrazort1/Documents/discipline/lib/env.ts","statementMap":{"0":{"start":{"line":1,"column":13},"end":{"line":4,"column":2}},"1":{"start":{"line":6,"column":31},"end":{"line":12,"column":1}},"2":{"start":{"line":7,"column":2},"end":{"line":11,"column":3}},"3":{"start":{"line":8,"column":4},"end":{"line":10,"column":6}},"4":{"start":{"line":6,"column":13},"end":{"line":6,"column":31}}},"fnMap":{"0":{"name":"(anonymous_0)","decl":{"start":{"line":6,"column":31},"end":{"line":6,"column":34}},"loc":{"start":{"line":6,"column":36},"end":{"line":12,"column":1}}}},"branchMap":{"0":{"loc":{"start":{"line":2,"column":15},"end":{"line":2,"column":57}},"type":"binary-expr","locations":[{"start":{"line":2,"column":15},"end":{"line":2,"column":51}},{"start":{"line":2,"column":55},"end":{"line":2,"column":57}}]},"1":{"loc":{"start":{"line":3,"column":19},"end":{"line":3,"column":66}},"type":"binary-expr","locations":[{"start":{"line":3,"column":19},"end":{"line":3,"column":60}},{"start":{"line":3,"column":64},"end":{"line":3,"column":66}}]},"2":{"loc":{"start":{"line":7,"column":2},"end":{"line":11,"column":3}},"type":"if","locations":[{"start":{"line":7,"column":2},"end":{"line":11,"column":3}}]},"3":{"loc":{"start":{"line":7,"column":6},"end":{"line":7,"column":46}},"type":"binary-expr","locations":[{"start":{"line":7,"column":6},"end":{"line":7,"column":22}},{"start":{"line":7,"column":26},"end":{"line":7,"column":46}}]}},"s":{"0":7,"1":7,"2":4,"3":3,"4":7},"f":{"0":4},"b":{"0":[7,4],"1":[7,4],"2":[3],"3":[4,2]}}
,"/home/mrazort1/Documents/discipline/lib/ingredientPicker.ts": {"path":"/home/mrazort1/Documents/discipline/lib/ingredientPicker.ts","statementMap":{"0":{"start":{"line":3,"column":76},"end":{"line":3,"column":80}},"1":{"start":{"line":5,"column":35},"end":{"line":7,"column":1}},"2":{"start":{"line":6,"column":2},"end":{"line":6,"column":35}},"3":{"start":{"line":5,"column":13},"end":{"line":5,"column":35}},"4":{"start":{"line":9,"column":30},"end":{"line":12,"column":1}},"5":{"start":{"line":10,"column":2},"end":{"line":10,"column":39}},"6":{"start":{"line":11,"column":2},"end":{"line":11,"column":32}},"7":{"start":{"line":9,"column":13},"end":{"line":9,"column":30}},"8":{"start":{"line":14,"column":35},"end":{"line":14,"column":72}},"9":{"start":{"line":14,"column":41},"end":{"line":14,"column":72}},"10":{"start":{"line":14,"column":13},"end":{"line":14,"column":35}}},"fnMap":{"0":{"name":"(anonymous_0)","decl":{"start":{"line":5,"column":35},"end":{"line":5,"column":36}},"loc":{"start":{"line":5,"column":94},"end":{"line":7,"column":1}}},"1":{"name":"(anonymous_1)","decl":{"start":{"line":9,"column":30},"end":{"line":9,"column":31}},"loc":{"start":{"line":9,"column":61},"end":{"line":12,"column":1}}},"2":{"name":"(anonymous_2)","decl":{"start":{"line":14,"column":35},"end":{"line":14,"column":38}},"loc":{"start":{"line":14,"column":41},"end":{"line":14,"column":72}}}},"branchMap":{},"s":{"0":1,"1":1,"2":7,"3":1,"4":1,"5":3,"6":3,"7":1,"8":1,"9":5,"10":1},"f":{"0":7,"1":3,"2":5},"b":{}}
,"/home/mrazort1/Documents/discipline/lib/meals.ts": {"path":"/home/mrazort1/Documents/discipline/lib/meals.ts","statementMap":{"0":{"start":{"line":1,"column":0},"end":{"line":1,"column":38}},"1":{"start":{"line":3,"column":27},"end":{"line":35,"column":1}},"2":{"start":{"line":9,"column":21},"end":{"line":9,"column":86}},"3":{"start":{"line":10,"column":26},"end":{"line":17,"column":4}},"4":{"start":{"line":19,"column":2},"end":{"line":32,"column":3}},"5":{"start":{"line":20,"column":18},"end":{"line":20,"column":43}},"6":{"start":{"line":21,"column":20},"end":{"line":21,"column":61}},"7":{"start":{"line":22,"column":4},"end":{"line":29,"column":5}},"8":{"start":{"line":23,"column":6},"end":{"line":28,"column":7}},"9":{"start":{"line":24,"column":24},"end":{"line":24,"column":44}},"10":{"start":{"line":25,"column":8},"end":{"line":25,"column":72}},"11":{"start":{"line":25,"column":48},"end":{"line":25,"column":72}},"12":{"start":{"line":27,"column":8},"end":{"line":27,"column":57}},"13":{"start":{"line":31,"column":4},"end":{"line":31,"column":29}},"14":{"start":{"line":34,"column":2},"end":{"line":34,"column":14}},"15":{"start":{"line":3,"column":13},"end":{"line":3,"column":27}},"16":{"start":{"line":37,"column":33},"end":{"line":65,"column":1}},"17":{"start":{"line":38,"column":26},"end":{"line":42,"column":4}},"18":{"start":{"line":44,"column":2},"end":{"line":57,"column":3}},"19":{"start":{"line":45,"column":18},"end":{"line":45,"column":54}},"20":{"start":{"line":46,"column":20},"end":{"line":46,"column":61}},"21":{"start":{"line":47,"column":4},"end":{"line":54,"column":5}},"22":{"start":{"line":48,"column":6},"end":{"line":53,"column":7}},"23":{"start":{"line":49,"column":24},"end":{"line":49,"column":44}},"24":{"start":{"line":50,"column":8},"end":{"line":50,"column":72}},"25":{"start":{"line":50,"column":48},"end":{"line":50,"column":72}},"26":{"start":{"line":52,"column":8},"end":{"line":52,"column":57}},"27":{"start":{"line":56,"column":4},"end":{"line":56,"column":29}},"28":{"start":{"line":59,"column":20},"end":{"line":59,"column":55}},"29":{"start":{"line":60,"column":2},"end":{"line":62,"column":3}},"30":{"start":{"line":61,"column":4},"end":{"line":61,"column":66}},"31":{"start":{"line":64,"column":2},"end":{"line":64,"column":19}},"32":{"start":{"line":37,"column":13},"end":{"line":37,"column":33}},"33":{"start":{"line":67,"column":34},"end":{"line":99,"column":1}},"34":{"start":{"line":70,"column":21},"end":{"line":70,"column":61}},"35":{"start":{"line":71,"column":2},"end":{"line":71,"column":41}},"36":{"start":{"line":71,"column":31},"end":{"line":71,"column":41}},"37":{"start":{"line":73,"column":26},"end":{"line":77,"column":4}},"38":{"start":{"line":79,"column":2},"end":{"line":92,"column":3}},"39":{"start":{"line":80,"column":18},"end":{"line":80,"column":55}},"40":{"start":{"line":81,"column":20},"end":{"line":81,"column":61}},"41":{"start":{"line":82,"column":4},"end":{"line":89,"column":5}},"42":{"start":{"line":83,"column":6},"end":{"line":88,"column":7}},"43":{"start":{"line":84,"column":24},"end":{"line":84,"column":44}},"44":{"start":{"line":85,"column":8},"end":{"line":85,"column":72}},"45":{"start":{"line":85,"column":48},"end":{"line":85,"column":72}},"46":{"start":{"line":87,"column":8},"end":{"line":87,"column":57}},"47":{"start":{"line":91,"column":4},"end":{"line":91,"column":29}},"48":{"start":{"line":94,"column":2},"end":{"line":96,"column":3}},"49":{"start":{"line":95,"column":4},"end":{"line":95,"column":66}},"50":{"start":{"line":98,"column":2},"end":{"line":98,"column":45}},"51":{"start":{"line":67,"column":13},"end":{"line":67,"column":34}}},"fnMap":{"0":{"name":"(anonymous_0)","decl":{"start":{"line":3,"column":27},"end":{"line":3,"column":32}},"loc":{"start":{"line":8,"column":5},"end":{"line":35,"column":1}}},"1":{"name":"(anonymous_1)","decl":{"start":{"line":37,"column":33},"end":{"line":37,"column":38}},"loc":{"start":{"line":37,"column":78},"end":{"line":65,"column":1}}},"2":{"name":"(anonymous_2)","decl":{"start":{"line":67,"column":34},"end":{"line":67,"column":39}},"loc":{"start":{"line":69,"column":37},"end":{"line":99,"column":1}}}},"branchMap":{"0":{"loc":{"start":{"line":9,"column":21},"end":{"line":9,"column":86}},"type":"binary-expr","locations":[{"start":{"line":9,"column":21},"end":{"line":9,"column":38}},{"start":{"line":9,"column":43},"end":{"line":9,"column":85}}]},"1":{"loc":{"start":{"line":9,"column":43},"end":{"line":9,"column":85}},"type":"cond-expr","locations":[{"start":{"line":9,"column":62},"end":{"line":9,"column":80}},{"start":{"line":9,"column":83},"end":{"line":9,"column":85}}]},"2":{"loc":{"start":{"line":19,"column":2},"end":{"line":32,"column":3}},"type":"if","locations":[{"start":{"line":19,"column":2},"end":{"line":32,"column":3}}]},"3":{"loc":{"start":{"line":21,"column":20},"end":{"line":21,"column":61}},"type":"cond-expr","locations":[{"start":{"line":21,"column":41},"end":{"line":21,"column":54}},{"start":{"line":21,"column":57},"end":{"line":21,"column":61}}]},"4":{"loc":{"start":{"line":22,"column":4},"end":{"line":29,"column":5}},"type":"if","locations":[{"start":{"line":22,"column":4},"end":{"line":29,"column":5}}]},"5":{"loc":{"start":{"line":25,"column":8},"end":{"line":25,"column":72}},"type":"if","locations":[{"start":{"line":25,"column":8},"end":{"line":25,"column":72}}]},"6":{"loc":{"start":{"line":44,"column":2},"end":{"line":57,"column":3}},"type":"if","locations":[{"start":{"line":44,"column":2},"end":{"line":57,"column":3}}]},"7":{"loc":{"start":{"line":46,"column":20},"end":{"line":46,"column":61}},"type":"cond-expr","locations":[{"start":{"line":46,"column":41},"end":{"line":46,"column":54}},{"start":{"line":46,"column":57},"end":{"line":46,"column":61}}]},"8":{"loc":{"start":{"line":47,"column":4},"end":{"line":54,"column":5}},"type":"if","locations":[{"start":{"line":47,"column":4},"end":{"line":54,"column":5}}]},"9":{"loc":{"start":{"line":50,"column":8},"end":{"line":50,"column":72}},"type":"if","locations":[{"start":{"line":50,"column":8},"end":{"line":50,"column":72}}]},"10":{"loc":{"start":{"line":59,"column":20},"end":{"line":59,"column":55}},"type":"binary-expr","locations":[{"start":{"line":59,"column":20},"end":{"line":59,"column":35}},{"start":{"line":59,"column":39},"end":{"line":59,"column":55}}]},"11":{"loc":{"start":{"line":60,"column":2},"end":{"line":62,"column":3}},"type":"if","locations":[{"start":{"line":60,"column":2},"end":{"line":62,"column":3}}]},"12":{"loc":{"start":{"line":71,"column":2},"end":{"line":71,"column":41}},"type":"if","locations":[{"start":{"line":71,"column":2},"end":{"line":71,"column":41}}]},"13":{"loc":{"start":{"line":79,"column":2},"end":{"line":92,"column":3}},"type":"if","locations":[{"start":{"line":79,"column":2},"end":{"line":92,"column":3}}]},"14":{"loc":{"start":{"line":81,"column":20},"end":{"line":81,"column":61}},"type":"cond-expr","locations":[{"start":{"line":81,"column":41},"end":{"line":81,"column":54}},{"start":{"line":81,"column":57},"end":{"line":81,"column":61}}]},"15":{"loc":{"start":{"line":82,"column":4},"end":{"line":89,"column":5}},"type":"if","locations":[{"start":{"line":82,"column":4},"end":{"line":89,"column":5}}]},"16":{"loc":{"start":{"line":85,"column":8},"end":{"line":85,"column":72}},"type":"if","locations":[{"start":{"line":85,"column":8},"end":{"line":85,"column":72}}]},"17":{"loc":{"start":{"line":94,"column":2},"end":{"line":96,"column":3}},"type":"if","locations":[{"start":{"line":94,"column":2},"end":{"line":96,"column":3}}]},"18":{"loc":{"start":{"line":94,"column":6},"end":{"line":94,"column":50}},"type":"binary-expr","locations":[{"start":{"line":94,"column":6},"end":{"line":94,"column":17}},{"start":{"line":94,"column":21},"end":{"line":94,"column":50}}]}},"s":{"0":1,"1":1,"2":8,"3":8,"4":8,"5":3,"6":3,"7":3,"8":2,"9":2,"10":1,"11":1,"12":1,"13":3,"14":5,"15":1,"16":1,"17":5,"18":5,"19":1,"20":1,"21":1,"22":1,"23":1,"24":1,"25":1,"26":0,"27":1,"28":4,"29":4,"30":2,"31":2,"32":1,"33":1,"34":7,"35":7,"36":2,"37":5,"38":5,"39":1,"40":1,"41":1,"42":1,"43":1,"44":1,"45":1,"46":0,"47":1,"48":4,"49":2,"50":2,"51":1},"f":{"0":8,"1":5,"2":7},"b":{"0":[8,1],"1":[1,0],"2":[3],"3":[2,1],"4":[2],"5":[1],"6":[1],"7":[1,0],"8":[1],"9":[1],"10":[4,2],"11":[2],"12":[2],"13":[1],"14":[1,0],"15":[1],"16":[1],"17":[2],"18":[4,3]}}
,"/home/mrazort1/Documents/discipline/lib/onboarding.ts": {"path":"/home/mrazort1/Documents/discipline/lib/onboarding.ts","statementMap":{"0":{"start":{"line":1,"column":0},"end":{"line":1,"column":38}},"1":{"start":{"line":4,"column":21},"end":{"line":4,"column":30}},"2":{"start":{"line":6,"column":18},"end":{"line":6,"column":87}},"3":{"start":{"line":6,"column":45},"end":{"line":6,"column":87}},"4":{"start":{"line":8,"column":29},"end":{"line":49,"column":1}},"5":{"start":{"line":13,"column":58},"end":{"line":17,"column":18}},"6":{"start":{"line":19,"column":2},"end":{"line":21,"column":3}},"7":{"start":{"line":20,"column":4},"end":{"line":20,"column":38}},"8":{"start":{"line":23,"column":2},"end":{"line":25,"column":3}},"9":{"start":{"line":24,"column":4},"end":{"line":24,"column":24}},"10":{"start":{"line":27,"column":29},"end":{"line":27,"column":58}},"11":{"start":{"line":29,"column":4},"end":{"line":30,"column":49}},"12":{"start":{"line":31,"column":22},"end":{"line":31,"column":68}},"13":{"start":{"line":32,"column":49},"end":{"line":42,"column":13}},"14":{"start":{"line":44,"column":2},"end":{"line":46,"column":3}},"15":{"start":{"line":45,"column":4},"end":{"line":45,"column":65}},"16":{"start":{"line":48,"column":2},"end":{"line":48,"column":28}},"17":{"start":{"line":8,"column":13},"end":{"line":8,"column":29}}},"fnMap":{"0":{"name":"(anonymous_0)","decl":{"start":{"line":6,"column":18},"end":{"line":6,"column":19}},"loc":{"start":{"line":6,"column":45},"end":{"line":6,"column":87}}},"1":{"name":"(anonymous_1)","decl":{"start":{"line":8,"column":29},"end":{"line":8,"column":34}},"loc":{"start":{"line":12,"column":5},"end":{"line":49,"column":1}}}},"branchMap":{"0":{"loc":{"start":{"line":6,"column":45},"end":{"line":6,"column":87}},"type":"binary-expr","locations":[{"start":{"line":6,"column":45},"end":{"line":6,"column":79}},{"start":{"line":6,"column":83},"end":{"line":6,"column":87}}]},"1":{"loc":{"start":{"line":19,"column":2},"end":{"line":21,"column":3}},"type":"if","locations":[{"start":{"line":19,"column":2},"end":{"line":21,"column":3}}]},"2":{"loc":{"start":{"line":23,"column":2},"end":{"line":25,"column":3}},"type":"if","locations":[{"start":{"line":23,"column":2},"end":{"line":25,"column":3}}]},"3":{"loc":{"start":{"line":29,"column":4},"end":{"line":30,"column":49}},"type":"binary-expr","locations":[{"start":{"line":29,"column":4},"end":{"line":29,"column":54}},{"start":{"line":30,"column":4},"end":{"line":30,"column":49}}]},"4":{"loc":{"start":{"line":31,"column":22},"end":{"line":31,"column":68}},"type":"binary-expr","locations":[{"start":{"line":31,"column":22},"end":{"line":31,"column":44}},{"start":{"line":31,"column":48},"end":{"line":31,"column":60}},{"start":{"line":31,"column":64},"end":{"line":31,"column":68}}]},"5":{"loc":{"start":{"line":44,"column":2},"end":{"line":46,"column":3}},"type":"if","locations":[{"start":{"line":44,"column":2},"end":{"line":46,"column":3}}]},"6":{"loc":{"start":{"line":44,"column":6},"end":{"line":44,"column":30}},"type":"binary-expr","locations":[{"start":{"line":44,"column":6},"end":{"line":44,"column":18}},{"start":{"line":44,"column":22},"end":{"line":44,"column":30}}]},"7":{"loc":{"start":{"line":45,"column":10},"end":{"line":45,"column":64}},"type":"binary-expr","locations":[{"start":{"line":45,"column":10},"end":{"line":45,"column":22}},{"start":{"line":45,"column":26},"end":{"line":45,"column":64}}]}},"s":{"0":1,"1":1,"2":1,"3":19,"4":1,"5":8,"6":8,"7":1,"8":7,"9":0,"10":7,"11":7,"12":7,"13":7,"14":7,"15":2,"16":5,"17":1},"f":{"0":19,"1":8},"b":{"0":[19,14],"1":[1],"2":[0],"3":[7,5],"4":[7,5,3],"5":[2],"6":[7,6],"7":[2,1]}}
,"/home/mrazort1/Documents/discipline/lib/supabase.ts": {"path":"/home/mrazort1/Documents/discipline/lib/supabase.ts","statementMap":{"0":{"start":{"line":1,"column":0},"end":{"line":1,"column":40}},"1":{"start":{"line":2,"column":0},"end":{"line":2,"column":69}},"2":{"start":{"line":3,"column":0},"end":{"line":3,"column":53}},"3":{"start":{"line":4,"column":0},"end":{"line":4,"column":28}},"4":{"start":{"line":6,"column":13},"end":{"line":13,"column":3}}},"fnMap":{},"branchMap":{},"s":{"0":0,"1":0,"2":0,"3":0,"4":0},"f":{},"b":{}}
,"/home/mrazort1/Documents/discipline/lib/upload.ts": {"path":"/home/mrazort1/Documents/discipline/lib/upload.ts","statementMap":{"0":{"start":{"line":1,"column":0},"end":{"line":1,"column":54}},"1":{"start":{"line":2,"column":0},"end":{"line":2,"column":59}},"2":{"start":{"line":3,"column":0},"end":{"line":3,"column":38}},"3":{"start":{"line":10,"column":31},"end":{"line":60,"column":1}},"4":{"start":{"line":11,"column":21},"end":{"line":17,"column":null}},"5":{"start":{"line":20,"column":26},"end":{"line":25,"column":4}},"6":{"start":{"line":27,"column":2},"end":{"line":40,"column":3}},"7":{"start":{"line":28,"column":18},"end":{"line":28,"column":57}},"8":{"start":{"line":29,"column":20},"end":{"line":29,"column":61}},"9":{"start":{"line":30,"column":4},"end":{"line":37,"column":5}},"10":{"start":{"line":31,"column":6},"end":{"line":36,"column":7}},"11":{"start":{"line":32,"column":24},"end":{"line":32,"column":44}},"12":{"start":{"line":33,"column":8},"end":{"line":33,"column":72}},"13":{"start":{"line":33,"column":48},"end":{"line":33,"column":72}},"14":{"start":{"line":35,"column":8},"end":{"line":35,"column":57}},"15":{"start":{"line":39,"column":4},"end":{"line":39,"column":29}},"16":{"start":{"line":42,"column":20},"end":{"line":42,"column":43}},"17":{"start":{"line":43,"column":2},"end":{"line":45,"column":3}},"18":{"start":{"line":44,"column":4},"end":{"line":44,"column":79}},"19":{"start":{"line":47,"column":23},"end":{"line":53,"column":4}},"20":{"start":{"line":55,"column":2},"end":{"line":57,"column":3}},"21":{"start":{"line":56,"column":4},"end":{"line":56,"column":44}},"22":{"start":{"line":59,"column":2},"end":{"line":59,"column":29}},"23":{"start":{"line":10,"column":13},"end":{"line":10,"column":31}},"24":{"start":{"line":62,"column":32},"end":{"line":71,"column":1}},"25":{"start":{"line":63,"column":22},"end":{"line":63,"column":38}},"26":{"start":{"line":64,"column":21},"end":{"line":64,"column":23}},"27":{"start":{"line":66,"column":2},"end":{"line":68,"column":3}},"28":{"start":{"line":67,"column":4},"end":{"line":67,"column":48}},"29":{"start":{"line":70,"column":2},"end":{"line":70,"column":20}},"30":{"start":{"line":62,"column":13},"end":{"line":62,"column":32}}},"fnMap":{"0":{"name":"(anonymous_9)","decl":{"start":{"line":10,"column":31},"end":{"line":10,"column":36}},"loc":{"start":{"line":10,"column":70},"end":{"line":60,"column":1}}},"1":{"name":"(anonymous_10)","decl":{"start":{"line":62,"column":32},"end":{"line":62,"column":37}},"loc":{"start":{"line":62,"column":76},"end":{"line":71,"column":1}}}},"branchMap":{"0":{"loc":{"start":{"line":27,"column":2},"end":{"line":40,"column":3}},"type":"if","locations":[{"start":{"line":27,"column":2},"end":{"line":40,"column":3}}]},"1":{"loc":{"start":{"line":29,"column":20},"end":{"line":29,"column":61}},"type":"cond-expr","locations":[{"start":{"line":29,"column":41},"end":{"line":29,"column":54}},{"start":{"line":29,"column":57},"end":{"line":29,"column":61}}]},"2":{"loc":{"start":{"line":30,"column":4},"end":{"line":37,"column":5}},"type":"if","locations":[{"start":{"line":30,"column":4},"end":{"line":37,"column":5}}]},"3":{"loc":{"start":{"line":33,"column":8},"end":{"line":33,"column":72}},"type":"if","locations":[{"start":{"line":33,"column":8},"end":{"line":33,"column":72}}]},"4":{"loc":{"start":{"line":43,"column":2},"end":{"line":45,"column":3}},"type":"if","locations":[{"start":{"line":43,"column":2},"end":{"line":45,"column":3}}]},"5":{"loc":{"start":{"line":43,"column":6},"end":{"line":43,"column":50}},"type":"binary-expr","locations":[{"start":{"line":43,"column":6},"end":{"line":43,"column":26}},{"start":{"line":43,"column":30},"end":{"line":43,"column":50}}]},"6":{"loc":{"start":{"line":55,"column":2},"end":{"line":57,"column":3}},"type":"if","locations":[{"start":{"line":55,"column":2},"end":{"line":57,"column":3}}]},"7":{"loc":{"start":{"line":55,"column":6},"end":{"line":55,"column":61}},"type":"binary-expr","locations":[{"start":{"line":55,"column":6},"end":{"line":55,"column":31}},{"start":{"line":55,"column":35},"end":{"line":55,"column":61}}]}},"s":{"0":1,"1":1,"2":1,"3":1,"4":17,"5":17,"6":17,"7":3,"8":3,"9":3,"10":2,"11":2,"12":1,"13":1,"14":1,"15":3,"16":14,"17":14,"18":1,"19":13,"20":13,"21":2,"22":11,"23":1,"24":1,"25":5,"26":5,"27":5,"28":10,"29":4,"30":1},"f":{"0":17,"1":5},"b":{"0":[3],"1":[2,1],"2":[2],"3":[1],"4":[1],"5":[14,14],"6":[2],"7":[13,13]}}
}
