TN:
SF:lib/dates.ts
FN:1,(anonymous_0)
FN:7,(anonymous_1)
FN:13,(anonymous_2)
FN:19,(anonymous_3)
FN:26,(anonymous_4)
FNF:5
FNH:5
FNDA:9,(anonymous_0)
FNDA:11,(anonymous_1)
FNDA:4,(anonymous_2)
FNDA:2,(anonymous_3)
FNDA:3,(anonymous_4)
DA:1,1
DA:2,9
DA:3,9
DA:4,9
DA:7,1
DA:8,11
DA:9,11
DA:10,11
DA:13,1
DA:14,4
DA:15,4
DA:16,4
DA:19,1
DA:20,2
DA:26,1
DA:27,3
LF:16
LH:16
BRF:0
BRH:0
end_of_record
TN:
SF:lib/env.ts
FN:6,(anonymous_0)
FNF:1
FNH:1
FNDA:4,(anonymous_0)
DA:1,7
DA:6,7
DA:7,4
DA:8,3
LF:4
LH:4
BRDA:2,0,0,7
BRDA:2,0,1,4
BRDA:3,1,0,7
BRDA:3,1,1,4
BRDA:7,2,0,3
BRDA:7,3,0,4
BRDA:7,3,1,2
BRF:7
BRH:7
end_of_record
TN:
SF:lib/ingredientPicker.ts
FN:5,(anonymous_0)
FN:9,(anonymous_1)
FN:14,(anonymous_2)
FNF:3
FNH:3
FNDA:7,(anonymous_0)
FNDA:3,(anonymous_1)
FNDA:5,(anonymous_2)
DA:3,1
DA:5,1
DA:6,7
DA:9,1
DA:10,3
DA:11,3
DA:14,5
LF:7
LH:7
BRF:0
BRH:0
end_of_record
TN:
SF:lib/meals.ts
FN:3,(anonymous_0)
FN:37,(anonymous_1)
FN:67,(anonymous_2)
FNF:3
FNH:3
FNDA:8,(anonymous_0)
FNDA:5,(anonymous_1)
FNDA:7,(anonymous_2)
DA:1,1
DA:3,1
DA:9,8
DA:10,8
DA:19,8
DA:20,3
DA:21,3
DA:22,3
DA:23,2
DA:24,2
DA:25,1
DA:27,1
DA:31,3
DA:34,5
DA:37,1
DA:38,5
DA:44,5
DA:45,1
DA:46,1
DA:47,1
DA:48,1
DA:49,1
DA:50,1
DA:52,0
DA:56,1
DA:59,4
DA:60,4
DA:61,2
DA:64,2
DA:67,1
DA:70,7
DA:71,7
DA:73,5
DA:79,5
DA:80,1
DA:81,1
DA:82,1
DA:83,1
DA:84,1
DA:85,1
DA:87,0
DA:91,1
DA:94,4
DA:95,2
DA:98,2
LF:45
LH:43
BRDA:9,0,0,8
BRDA:9,0,1,1
BRDA:9,1,0,1
BRDA:9,1,1,0
BRDA:19,2,0,3
BRDA:21,3,0,2
BRDA:21,3,1,1
BRDA:22,4,0,2
BRDA:25,5,0,1
BRDA:44,6,0,1
BRDA:46,7,0,1
BRDA:46,7,1,0
BRDA:47,8,0,1
BRDA:50,9,0,1
BRDA:59,10,0,4
BRDA:59,10,1,2
BRDA:60,11,0,2
BRDA:71,12,0,2
BRDA:79,13,0,1
BRDA:81,14,0,1
BRDA:81,14,1,0
BRDA:82,15,0,1
BRDA:85,16,0,1
BRDA:94,17,0,2
BRDA:94,18,0,4
BRDA:94,18,1,3
BRF:26
BRH:23
end_of_record
TN:
SF:lib/onboarding.ts
FN:6,(anonymous_0)
FN:8,(anonymous_1)
FNF:2
FNH:2
FNDA:19,(anonymous_0)
FNDA:8,(anonymous_1)
DA:1,1
DA:4,1
DA:6,19
DA:8,1
DA:13,8
DA:19,8
DA:20,1
DA:23,7
DA:24,0
DA:27,7
DA:29,7
DA:31,7
DA:32,7
DA:44,7
DA:45,2
DA:48,5
LF:16
LH:15
BRDA:6,0,0,19
BRDA:6,0,1,14
BRDA:19,1,0,1
BRDA:23,2,0,0
BRDA:29,3,0,7
BRDA:29,3,1,5
BRDA:31,4,0,7
BRDA:31,4,1,5
BRDA:31,4,2,3
BRDA:44,5,0,2
BRDA:44,6,0,7
BRDA:44,6,1,6
BRDA:45,7,0,2
BRDA:45,7,1,1
BRF:14
BRH:13
end_of_record
TN:
SF:lib/supabase.ts
FNF:0
FNH:0
DA:1,0
DA:2,0
DA:3,0
DA:4,0
DA:6,0
LF:5
LH:0
BRF:0
BRH:0
end_of_record
TN:
SF:lib/upload.ts
FN:10,(anonymous_9)
FN:62,(anonymous_10)
FNF:2
FNH:2
FNDA:17,(anonymous_9)
FNDA:5,(anonymous_10)
DA:1,1
DA:2,1
DA:3,1
DA:10,1
DA:11,17
DA:20,17
DA:27,17
DA:28,3
DA:29,3
DA:30,3
DA:31,2
DA:32,2
DA:33,1
DA:35,1
DA:39,3
DA:42,14
DA:43,14
DA:44,1
DA:47,13
DA:55,13
DA:56,2
DA:59,11
DA:62,1
DA:63,5
DA:64,5
DA:66,5
DA:67,10
DA:70,4
LF:28
LH:28
BRDA:27,0,0,3
BRDA:29,1,0,2
BRDA:29,1,1,1
BRDA:30,2,0,2
BRDA:33,3,0,1
BRDA:43,4,0,1
BRDA:43,5,0,14
BRDA:43,5,1,14
BRDA:55,6,0,2
BRDA:55,7,0,13
BRDA:55,7,1,13
BRF:11
BRH:11
end_of_record
